0 info it worked if it ends with ok
1 verbose cli [
1 verbose cli   'C:\\Program Files\\nodejs\\node.exe',
1 verbose cli   'C:\\Users\\USER\\AppData\\Roaming\\npm\\node_modules\\npm\\bin\\npm-cli.js',
1 verbose cli   'install',
1 verbose cli   '-g',
1 verbose cli   'serve'
1 verbose cli ]
2 info using npm@3.10.10
3 info using node@v18.12.1
4 silly loadCurrentTree Starting
5 silly install loadCurrentTree
6 silly install readGlobalPackageData
7 silly fetchPackageMetaData serve
8 silly fetchNamedPackageData serve
9 silly mapToRegistry name serve
10 silly mapToRegistry using default registry
11 silly mapToRegistry registry https://registry.npmjs.org/
12 silly mapToRegistry data Result {
12 silly mapToRegistry   raw: 'serve',
12 silly mapToRegistry   scope: null,
12 silly mapToRegistry   escapedName: 'serve',
12 silly mapToRegistry   name: 'serve',
12 silly mapToRegistry   rawSpec: '',
12 silly mapToRegistry   spec: 'latest',
12 silly mapToRegistry   type: 'tag'
12 silly mapToRegistry }
13 silly mapToRegistry uri https://registry.npmjs.org/serve
14 verbose request uri https://registry.npmjs.org/serve
15 verbose request no auth needed
16 info attempt registry request try #1 at 20:19:11
17 verbose request id c807c50b15debdd1
18 http request GET https://registry.npmjs.org/serve
19 http 200 https://registry.npmjs.org/serve
20 verbose headers {
20 verbose headers   date: 'Mon, 21 Nov 2022 19:19:12 GMT',
20 verbose headers   'content-type': 'application/json',
20 verbose headers   'transfer-encoding': 'chunked',
20 verbose headers   connection: 'keep-alive',
20 verbose headers   'cf-ray': '76dbc68b9a5999db-CDG',
20 verbose headers   'access-control-allow-origin': '*',
20 verbose headers   'cache-control': 'public, max-age=300',
20 verbose headers   etag: 'W/"092f0c6004fab85e466e40143584a314"',
20 verbose headers   'last-modified': 'Fri, 18 Nov 2022 11:10:46 GMT',
20 verbose headers   vary: 'accept-encoding, accept',
20 verbose headers   'cf-cache-status': 'REVALIDATED',
20 verbose headers   'x-amz-replication-status': 'COMPLETED',
20 verbose headers   server: 'cloudflare',
20 verbose headers   'content-encoding': 'gzip'
20 verbose headers }
21 silly get cb [
21 silly get   200,
21 silly get   {
21 silly get     date: 'Mon, 21 Nov 2022 19:19:12 GMT',
21 silly get     'content-type': 'application/json',
21 silly get     'transfer-encoding': 'chunked',
21 silly get     connection: 'keep-alive',
21 silly get     'cf-ray': '76dbc68b9a5999db-CDG',
21 silly get     'access-control-allow-origin': '*',
21 silly get     'cache-control': 'public, max-age=300',
21 silly get     etag: 'W/"092f0c6004fab85e466e40143584a314"',
21 silly get     'last-modified': 'Fri, 18 Nov 2022 11:10:46 GMT',
21 silly get     vary: 'accept-encoding, accept',
21 silly get     'cf-cache-status': 'REVALIDATED',
21 silly get     'x-amz-replication-status': 'COMPLETED',
21 silly get     server: 'cloudflare',
21 silly get     'content-encoding': 'gzip'
21 silly get   }
21 silly get ]
22 verbose get saving serve to C:\Users\USER\AppData\Roaming\npm-cache\registry.npmjs.org\serve\.cache.json
23 verbose correctMkdir C:\Users\USER\AppData\Roaming\npm-cache correctMkdir not in flight; initializing
24 verbose stack TypeError: cb.apply is not a function
24 verbose stack     at C:\Users\USER\AppData\Roaming\npm\node_modules\npm\node_modules\graceful-fs\polyfills.js:267:18
24 verbose stack     at FSReqCallback.oncomplete (node:fs:208:5)
25 verbose cwd C:\Users\USER\Documents\React-TodoList-master
26 error Windows_NT 10.0.19044
27 error argv "C:\\Program Files\\nodejs\\node.exe" "C:\\Users\\USER\\AppData\\Roaming\\npm\\node_modules\\npm\\bin\\npm-cli.js" "install" "-g" "serve"
28 error node v18.12.1
29 error npm  v3.10.10
30 error cb.apply is not a function
31 error If you need help, you may report this error at:
31 error     <https://github.com/npm/npm/issues>
32 verbose exit [ 1, true ]
